{"D:\\mern\\10pearls\\cohort-9-mern-11642-aamir\\backend\\src\\app.js":{"path":"D:\\mern\\10pearls\\cohort-9-mern-11642-aamir\\backend\\src\\app.js","statementMap":{"0":{"start":{"line":2,"column":16},"end":{"line":2,"column":34}},"1":{"start":{"line":3,"column":19},"end":{"line":3,"column":50}},"2":{"start":{"line":4,"column":21},"end":{"line":4,"column":58}},"3":{"start":{"line":6,"column":21},"end":{"line":6,"column":45}},"4":{"start":{"line":7,"column":15},"end":{"line":7,"column":32}},"5":{"start":{"line":8,"column":18},"end":{"line":8,"column":47}},"6":{"start":{"line":11,"column":12},"end":{"line":11,"column":21}},"7":{"start":{"line":13,"column":0},"end":{"line":13,"column":18}},"8":{"start":{"line":14,"column":0},"end":{"line":14,"column":24}},"9":{"start":{"line":16,"column":0},"end":{"line":16,"column":24}},"10":{"start":{"line":18,"column":0},"end":{"line":23,"column":1}},"11":{"start":{"line":19,"column":25},"end":{"line":19,"column":85}},"12":{"start":{"line":20,"column":2},"end":{"line":22,"column":3}},"13":{"start":{"line":21,"column":4},"end":{"line":21,"column":100}},"14":{"start":{"line":25,"column":20},"end":{"line":28,"column":2}},"15":{"start":{"line":29,"column":0},"end":{"line":29,"column":46}},"16":{"start":{"line":31,"column":0},"end":{"line":31,"column":22}},"17":{"start":{"line":33,"column":0},"end":{"line":33,"column":21}}},"fnMap":{},"branchMap":{"0":{"loc":{"start":{"line":18,"column":0},"end":{"line":23,"column":1}},"type":"if","locations":[{"start":{"line":18,"column":0},"end":{"line":23,"column":1}},{"start":{},"end":{}}],"line":18},"1":{"loc":{"start":{"line":19,"column":25},"end":{"line":19,"column":85}},"type":"binary-expr","locations":[{"start":{"line":19,"column":25},"end":{"line":19,"column":54}},{"start":{"line":19,"column":58},"end":{"line":19,"column":85}}],"line":19},"2":{"loc":{"start":{"line":20,"column":2},"end":{"line":22,"column":3}},"type":"if","locations":[{"start":{"line":20,"column":2},"end":{"line":22,"column":3}},{"start":{},"end":{}}],"line":20}},"s":{"0":1,"1":1,"2":1,"3":1,"4":1,"5":1,"6":1,"7":1,"8":1,"9":1,"10":1,"11":0,"12":0,"13":0,"14":1,"15":1,"16":1,"17":1},"f":{},"b":{"0":[0,1],"1":[0,0],"2":[0,0]},"_coverageSchema":"1a1c01bbd47fc00a2c39e90264f33305004495a9","hash":"99cec8623cbeff86ae80eeb9dfd726f6142660db","contentHash":"fc719e2892bf7848db5127ec8f3af0a0631ddabaa1ad6857d3fad802531b41b6"},"D:\\mern\\10pearls\\cohort-9-mern-11642-aamir\\backend\\src\\routes\\auth.routes.js":{"path":"D:\\mern\\10pearls\\cohort-9-mern-11642-aamir\\backend\\src\\routes\\auth.routes.js","statementMap":{"0":{"start":{"line":1,"column":16},"end":{"line":1,"column":34}},"1":{"start":{"line":2,"column":52},"end":{"line":2,"column":93}},"2":{"start":{"line":3,"column":46},"end":{"line":3,"column":85}},"3":{"start":{"line":4,"column":17},"end":{"line":4,"column":51}},"4":{"start":{"line":5,"column":21},"end":{"line":5,"column":62}},"5":{"start":{"line":7,"column":15},"end":{"line":7,"column":31}},"6":{"start":{"line":9,"column":0},"end":{"line":9,"column":64}},"7":{"start":{"line":11,"column":0},"end":{"line":11,"column":55}},"8":{"start":{"line":13,"column":0},"end":{"line":13,"column":31}},"9":{"start":{"line":15,"column":0},"end":{"line":15,"column":33}},"10":{"start":{"line":17,"column":0},"end":{"line":17,"column":39}},"11":{"start":{"line":19,"column":0},"end":{"line":19,"column":24}}},"fnMap":{},"branchMap":{},"s":{"0":1,"1":1,"2":1,"3":1,"4":1,"5":1,"6":1,"7":1,"8":1,"9":1,"10":1,"11":1},"f":{},"b":{},"_coverageSchema":"1a1c01bbd47fc00a2c39e90264f33305004495a9","hash":"77ffc6d85ac6a2430e689d5770466a3877fdc47f","contentHash":"2421bc0b385be489f30513653c47dbc0f05f1c1f22e5e51faa477edc2a847657"},"D:\\mern\\10pearls\\cohort-9-mern-11642-aamir\\backend\\src\\controllers\\auth.controller.js":{"path":"D:\\mern\\10pearls\\cohort-9-mern-11642-aamir\\backend\\src\\controllers\\auth.controller.js","statementMap":{"0":{"start":{"line":1,"column":21},"end":{"line":1,"column":53}},"1":{"start":{"line":2,"column":20},"end":{"line":2,"column":55}},"2":{"start":{"line":3,"column":28},"end":{"line":3,"column":59}},"3":{"start":{"line":5,"column":36},"end":{"line":10,"column":1}},"4":{"start":{"line":13,"column":2},"end":{"line":13,"column":92}},"5":{"start":{"line":16,"column":17},"end":{"line":20,"column":2}},"6":{"start":{"line":17,"column":36},"end":{"line":17,"column":44}},"7":{"start":{"line":18,"column":15},"end":{"line":18,"column":72}},"8":{"start":{"line":19,"column":2},"end":{"line":19,"column":73}},"9":{"start":{"line":22,"column":14},"end":{"line":38,"column":2}},"10":{"start":{"line":23,"column":30},"end":{"line":23,"column":38}},"11":{"start":{"line":25,"column":46},"end":{"line":30,"column":4}},"12":{"start":{"line":32,"column":2},"end":{"line":35,"column":5}},"13":{"start":{"line":37,"column":2},"end":{"line":37,"column":84}},"14":{"start":{"line":40,"column":15},"end":{"line":47,"column":2}},"15":{"start":{"line":41,"column":27},"end":{"line":41,"column":38}},"16":{"start":{"line":42,"column":2},"end":{"line":42,"column":49}},"17":{"start":{"line":44,"column":2},"end":{"line":44,"column":63}},"18":{"start":{"line":46,"column":2},"end":{"line":46,"column":62}},"19":{"start":{"line":49,"column":16},"end":{"line":62,"column":2}},"20":{"start":{"line":50,"column":40},"end":{"line":54,"column":4}},"21":{"start":{"line":56,"column":2},"end":{"line":59,"column":5}},"22":{"start":{"line":61,"column":2},"end":{"line":61,"column":84}},"23":{"start":{"line":64,"column":14},"end":{"line":67,"column":2}},"24":{"start":{"line":65,"column":15},"end":{"line":65,"column":60}},"25":{"start":{"line":66,"column":2},"end":{"line":66,"column":65}},"26":{"start":{"line":69,"column":0},"end":{"line":69,"column":61}}},"fnMap":{"0":{"name":"refreshCookieMaxAge","decl":{"start":{"line":12,"column":9},"end":{"line":12,"column":28}},"loc":{"start":{"line":12,"column":31},"end":{"line":14,"column":1}},"line":12},"1":{"name":"(anonymous_1)","decl":{"start":{"line":16,"column":30},"end":{"line":16,"column":31}},"loc":{"start":{"line":16,"column":50},"end":{"line":20,"column":1}},"line":16},"2":{"name":"(anonymous_2)","decl":{"start":{"line":22,"column":27},"end":{"line":22,"column":28}},"loc":{"start":{"line":22,"column":47},"end":{"line":38,"column":1}},"line":22},"3":{"name":"(anonymous_3)","decl":{"start":{"line":40,"column":28},"end":{"line":40,"column":29}},"loc":{"start":{"line":40,"column":48},"end":{"line":47,"column":1}},"line":40},"4":{"name":"(anonymous_4)","decl":{"start":{"line":49,"column":29},"end":{"line":49,"column":30}},"loc":{"start":{"line":49,"column":49},"end":{"line":62,"column":1}},"line":49},"5":{"name":"(anonymous_5)","decl":{"start":{"line":64,"column":27},"end":{"line":64,"column":28}},"loc":{"start":{"line":64,"column":47},"end":{"line":67,"column":1}},"line":64}},"branchMap":{"0":{"loc":{"start":{"line":13,"column":10},"end":{"line":13,"column":68}},"type":"binary-expr","locations":[{"start":{"line":13,"column":10},"end":{"line":13,"column":62}},{"start":{"line":13,"column":66},"end":{"line":13,"column":68}}],"line":13}},"s":{"0":1,"1":1,"2":1,"3":1,"4":2,"5":1,"6":2,"7":2,"8":1,"9":1,"10":2,"11":2,"12":1,"13":1,"14":1,"15":1,"16":1,"17":1,"18":1,"19":1,"20":2,"21":1,"22":1,"23":1,"24":1,"25":1,"26":1},"f":{"0":2,"1":2,"2":2,"3":1,"4":2,"5":1},"b":{"0":[2,0]},"_coverageSchema":"1a1c01bbd47fc00a2c39e90264f33305004495a9","hash":"8fbcdf90dbde45a4f490a063ad3dc2f10a297895","contentHash":"3b09169452b59e9caab2e97e1a8ff54f364e3cfa2a2e20cdb487e7c588ae1c3f"},"D:\\mern\\10pearls\\cohort-9-mern-11642-aamir\\backend\\src\\utils\\asyncHandler.js":{"path":"D:\\mern\\10pearls\\cohort-9-mern-11642-aamir\\backend\\src\\utils\\asyncHandler.js","statementMap":{"0":{"start":{"line":1,"column":21},"end":{"line":3,"column":1}},"1":{"start":{"line":1,"column":29},"end":{"line":3,"column":1}},"2":{"start":{"line":2,"column":2},"end":{"line":2,"column":50}},"3":{"start":{"line":5,"column":0},"end":{"line":5,"column":30}}},"fnMap":{"0":{"name":"(anonymous_0)","decl":{"start":{"line":1,"column":21},"end":{"line":1,"column":22}},"loc":{"start":{"line":1,"column":29},"end":{"line":3,"column":1}},"line":1},"1":{"name":"(anonymous_1)","decl":{"start":{"line":1,"column":29},"end":{"line":1,"column":30}},"loc":{"start":{"line":1,"column":49},"end":{"line":3,"column":1}},"line":1}},"branchMap":{},"s":{"0":1,"1":5,"2":8,"3":1},"f":{"0":5,"1":8},"b":{},"_coverageSchema":"1a1c01bbd47fc00a2c39e90264f33305004495a9","hash":"8aacd2ba851b54ac0363b1dc621462221e2efa23","contentHash":"f74fccd979cb1a8178bdd0a9258757a8c30f5764316beee7b7afc7822650e6d5"},"D:\\mern\\10pearls\\cohort-9-mern-11642-aamir\\backend\\src\\services\\auth.service.js":{"path":"D:\\mern\\10pearls\\cohort-9-mern-11642-aamir\\backend\\src\\services\\auth.service.js","statementMap":{"0":{"start":{"line":1,"column":23},"end":{"line":1,"column":65}},"1":{"start":{"line":2,"column":31},"end":{"line":2,"column":81}},"2":{"start":{"line":3,"column":22},"end":{"line":3,"column":50}},"3":{"start":{"line":4,"column":17},"end":{"line":4,"column":40}},"4":{"start":{"line":5,"column":19},"end":{"line":5,"column":44}},"5":{"start":{"line":6,"column":17},"end":{"line":6,"column":45}},"6":{"start":{"line":7,"column":15},"end":{"line":7,"column":41}},"7":{"start":{"line":9,"column":35},"end":{"line":9,"column":93}},"8":{"start":{"line":12,"column":23},"end":{"line":12,"column":62}},"9":{"start":{"line":13,"column":2},"end":{"line":15,"column":3}},"10":{"start":{"line":14,"column":4},"end":{"line":14,"column":73}},"11":{"start":{"line":17,"column":23},"end":{"line":17,"column":65}},"12":{"start":{"line":18,"column":15},"end":{"line":18,"column":77}},"13":{"start":{"line":20,"column":2},"end":{"line":20,"column":58}},"14":{"start":{"line":21,"column":2},"end":{"line":21,"column":14}},"15":{"start":{"line":25,"column":15},"end":{"line":25,"column":54}},"16":{"start":{"line":27,"column":2},"end":{"line":29,"column":3}},"17":{"start":{"line":28,"column":4},"end":{"line":28,"column":57}},"18":{"start":{"line":31,"column":2},"end":{"line":33,"column":3}},"19":{"start":{"line":32,"column":4},"end":{"line":32,"column":65}},"20":{"start":{"line":35,"column":22},"end":{"line":35,"column":64}},"21":{"start":{"line":37,"column":23},"end":{"line":37,"column":56}},"22":{"start":{"line":38,"column":27},"end":{"line":38,"column":61}},"23":{"start":{"line":39,"column":20},"end":{"line":39,"column":91}},"24":{"start":{"line":41,"column":2},"end":{"line":47,"column":5}},"25":{"start":{"line":49,"column":2},"end":{"line":49,"column":53}},"26":{"start":{"line":51,"column":2},"end":{"line":55,"column":4}},"27":{"start":{"line":59,"column":2},"end":{"line":59,"column":28}},"28":{"start":{"line":59,"column":21},"end":{"line":59,"column":28}},"29":{"start":{"line":60,"column":20},"end":{"line":60,"column":54}},"30":{"start":{"line":61,"column":2},"end":{"line":61,"column":55}},"31":{"start":{"line":65,"column":2},"end":{"line":67,"column":3}},"32":{"start":{"line":66,"column":4},"end":{"line":66,"column":53}},"33":{"start":{"line":69,"column":20},"end":{"line":69,"column":54}},"34":{"start":{"line":70,"column":19},"end":{"line":70,"column":75}},"35":{"start":{"line":72,"column":2},"end":{"line":74,"column":3}},"36":{"start":{"line":73,"column":4},"end":{"line":73,"column":64}},"37":{"start":{"line":76,"column":2},"end":{"line":76,"column":55}},"38":{"start":{"line":78,"column":26},"end":{"line":78,"column":59}},"39":{"start":{"line":79,"column":20},"end":{"line":79,"column":91}},"40":{"start":{"line":81,"column":2},"end":{"line":87,"column":5}},"41":{"start":{"line":89,"column":22},"end":{"line":89,"column":73}},"42":{"start":{"line":91,"column":2},"end":{"line":91,"column":56}},"43":{"start":{"line":95,"column":15},"end":{"line":95,"column":52}},"44":{"start":{"line":96,"column":2},"end":{"line":98,"column":3}},"45":{"start":{"line":97,"column":4},"end":{"line":97,"column":46}},"46":{"start":{"line":99,"column":2},"end":{"line":99,"column":14}},"47":{"start":{"line":102,"column":0},"end":{"line":102,"column":93}}},"fnMap":{"0":{"name":"registerUser","decl":{"start":{"line":11,"column":15},"end":{"line":11,"column":27}},"loc":{"start":{"line":11,"column":55},"end":{"line":22,"column":1}},"line":11},"1":{"name":"loginUser","decl":{"start":{"line":24,"column":15},"end":{"line":24,"column":24}},"loc":{"start":{"line":24,"column":68},"end":{"line":56,"column":1}},"line":24},"2":{"name":"logoutUser","decl":{"start":{"line":58,"column":15},"end":{"line":58,"column":25}},"loc":{"start":{"line":58,"column":44},"end":{"line":62,"column":1}},"line":58},"3":{"name":"refreshAccessToken","decl":{"start":{"line":64,"column":15},"end":{"line":64,"column":33}},"loc":{"start":{"line":64,"column":74},"end":{"line":92,"column":1}},"line":64},"4":{"name":"getCurrentUser","decl":{"start":{"line":94,"column":15},"end":{"line":94,"column":29}},"loc":{"start":{"line":94,"column":38},"end":{"line":100,"column":1}},"line":94}},"branchMap":{"0":{"loc":{"start":{"line":9,"column":35},"end":{"line":9,"column":93}},"type":"binary-expr","locations":[{"start":{"line":9,"column":35},"end":{"line":9,"column":87}},{"start":{"line":9,"column":91},"end":{"line":9,"column":93}}],"line":9},"1":{"loc":{"start":{"line":13,"column":2},"end":{"line":15,"column":3}},"type":"if","locations":[{"start":{"line":13,"column":2},"end":{"line":15,"column":3}},{"start":{},"end":{}}],"line":13},"2":{"loc":{"start":{"line":27,"column":2},"end":{"line":29,"column":3}},"type":"if","locations":[{"start":{"line":27,"column":2},"end":{"line":29,"column":3}},{"start":{},"end":{}}],"line":27},"3":{"loc":{"start":{"line":27,"column":6},"end":{"line":27,"column":83}},"type":"binary-expr","locations":[{"start":{"line":27,"column":6},"end":{"line":27,"column":11}},{"start":{"line":27,"column":15},"end":{"line":27,"column":83}}],"line":27},"4":{"loc":{"start":{"line":31,"column":2},"end":{"line":33,"column":3}},"type":"if","locations":[{"start":{"line":31,"column":2},"end":{"line":33,"column":3}},{"start":{},"end":{}}],"line":31},"5":{"loc":{"start":{"line":59,"column":2},"end":{"line":59,"column":28}},"type":"if","locations":[{"start":{"line":59,"column":2},"end":{"line":59,"column":28}},{"start":{},"end":{}}],"line":59},"6":{"loc":{"start":{"line":65,"column":2},"end":{"line":67,"column":3}},"type":"if","locations":[{"start":{"line":65,"column":2},"end":{"line":67,"column":3}},{"start":{},"end":{}}],"line":65},"7":{"loc":{"start":{"line":72,"column":2},"end":{"line":74,"column":3}},"type":"if","locations":[{"start":{"line":72,"column":2},"end":{"line":74,"column":3}},{"start":{},"end":{}}],"line":72},"8":{"loc":{"start":{"line":96,"column":2},"end":{"line":98,"column":3}},"type":"if","locations":[{"start":{"line":96,"column":2},"end":{"line":98,"column":3}},{"start":{},"end":{}}],"line":96}},"s":{"0":1,"1":1,"2":1,"3":1,"4":1,"5":1,"6":1,"7":1,"8":2,"9":2,"10":1,"11":1,"12":1,"13":1,"14":1,"15":3,"16":3,"17":1,"18":2,"19":1,"20":1,"21":1,"22":1,"23":1,"24":1,"25":1,"26":1,"27":2,"28":1,"29":1,"30":1,"31":3,"32":1,"33":2,"34":2,"35":2,"36":1,"37":1,"38":1,"39":1,"40":1,"41":1,"42":1,"43":2,"44":2,"45":1,"46":1,"47":1},"f":{"0":2,"1":3,"2":2,"3":3,"4":2},"b":{"0":[1,0],"1":[1,1],"2":[1,2],"3":[3,2],"4":[1,1],"5":[1,1],"6":[1,2],"7":[1,1],"8":[1,1]},"_coverageSchema":"1a1c01bbd47fc00a2c39e90264f33305004495a9","hash":"8bd64e012c314dcff7c910b65230ddabdac514da","contentHash":"a89b0f6def693dafb9753f6dd073e06072a0e460d40eb815764318e997421ce6"},"D:\\mern\\10pearls\\cohort-9-mern-11642-aamir\\backend\\src\\repositories\\user.repository.js":{"path":"D:\\mern\\10pearls\\cohort-9-mern-11642-aamir\\backend\\src\\repositories\\user.repository.js","statementMap":{"0":{"start":{"line":1,"column":13},"end":{"line":1,"column":36}},"1":{"start":{"line":4,"column":19},"end":{"line":9,"column":3}},"2":{"start":{"line":10,"column":2},"end":{"line":10,"column":25}},"3":{"start":{"line":14,"column":19},"end":{"line":19,"column":3}},"4":{"start":{"line":20,"column":2},"end":{"line":20,"column":17}},"5":{"start":{"line":24,"column":19},"end":{"line":28,"column":3}},"6":{"start":{"line":29,"column":2},"end":{"line":29,"column":25}},"7":{"start":{"line":32,"column":0},"end":{"line":32,"column":55}}},"fnMap":{"0":{"name":"findByEmail","decl":{"start":{"line":3,"column":15},"end":{"line":3,"column":26}},"loc":{"start":{"line":3,"column":34},"end":{"line":11,"column":1}},"line":3},"1":{"name":"createUser","decl":{"start":{"line":13,"column":15},"end":{"line":13,"column":25}},"loc":{"start":{"line":13,"column":57},"end":{"line":21,"column":1}},"line":13},"2":{"name":"findById","decl":{"start":{"line":23,"column":15},"end":{"line":23,"column":23}},"loc":{"start":{"line":23,"column":28},"end":{"line":30,"column":1}},"line":23}},"branchMap":{"0":{"loc":{"start":{"line":10,"column":9},"end":{"line":10,"column":24}},"type":"binary-expr","locations":[{"start":{"line":10,"column":9},"end":{"line":10,"column":16}},{"start":{"line":10,"column":20},"end":{"line":10,"column":24}}],"line":10},"1":{"loc":{"start":{"line":29,"column":9},"end":{"line":29,"column":24}},"type":"binary-expr","locations":[{"start":{"line":29,"column":9},"end":{"line":29,"column":16}},{"start":{"line":29,"column":20},"end":{"line":29,"column":24}}],"line":29}},"s":{"0":1,"1":2,"2":2,"3":1,"4":1,"5":2,"6":2,"7":1},"f":{"0":2,"1":1,"2":2},"b":{"0":[2,1],"1":[2,1]},"_coverageSchema":"1a1c01bbd47fc00a2c39e90264f33305004495a9","hash":"fe6df2c130648d486f1c66f6a2b72713604c9463","contentHash":"65276e0f612e96c04058e7fd6817b45c60c27310c5ae039f170b252d00d957a9"},"D:\\mern\\10pearls\\cohort-9-mern-11642-aamir\\backend\\src\\config\\db.js":{"path":"D:\\mern\\10pearls\\cohort-9-mern-11642-aamir\\backend\\src\\config\\db.js","statementMap":{"0":{"start":{"line":1,"column":17},"end":{"line":1,"column":30}},"1":{"start":{"line":2,"column":0},"end":{"line":2,"column":27}},"2":{"start":{"line":5,"column":13},"end":{"line":10,"column":2}},"3":{"start":{"line":12,"column":0},"end":{"line":14,"column":3}},"4":{"start":{"line":13,"column":2},"end":{"line":13,"column":65}},"5":{"start":{"line":16,"column":0},"end":{"line":19,"column":3}},"6":{"start":{"line":17,"column":2},"end":{"line":17,"column":58}},"7":{"start":{"line":18,"column":2},"end":{"line":18,"column":19}},"8":{"start":{"line":21,"column":0},"end":{"line":21,"column":22}}},"fnMap":{"0":{"name":"(anonymous_0)","decl":{"start":{"line":12,"column":19},"end":{"line":12,"column":20}},"loc":{"start":{"line":12,"column":25},"end":{"line":14,"column":1}},"line":12},"1":{"name":"(anonymous_1)","decl":{"start":{"line":16,"column":17},"end":{"line":16,"column":18}},"loc":{"start":{"line":16,"column":26},"end":{"line":19,"column":1}},"line":16}},"branchMap":{},"s":{"0":1,"1":1,"2":1,"3":1,"4":0,"5":1,"6":0,"7":0,"8":1},"f":{"0":0,"1":0},"b":{},"_coverageSchema":"1a1c01bbd47fc00a2c39e90264f33305004495a9","hash":"33568ea51272e6c9e52ec46a7ff612a650e61d1d","contentHash":"8d478ff5e7a1572e9cd8275b9696d5071e8084bdaab48eb4dc9d9f79f76a3265"},"D:\\mern\\10pearls\\cohort-9-mern-11642-aamir\\backend\\src\\repositories\\refreshToken.repository.js":{"path":"D:\\mern\\10pearls\\cohort-9-mern-11642-aamir\\backend\\src\\repositories\\refreshToken.repository.js","statementMap":{"0":{"start":{"line":1,"column":13},"end":{"line":1,"column":36}},"1":{"start":{"line":4,"column":19},"end":{"line":9,"column":3}},"2":{"start":{"line":10,"column":2},"end":{"line":10,"column":17}},"3":{"start":{"line":14,"column":19},"end":{"line":20,"column":3}},"4":{"start":{"line":21,"column":2},"end":{"line":21,"column":25}},"5":{"start":{"line":25,"column":19},"end":{"line":30,"column":3}},"6":{"start":{"line":31,"column":2},"end":{"line":31,"column":25}},"7":{"start":{"line":34,"column":0},"end":{"line":34,"column":72}}},"fnMap":{"0":{"name":"createRefreshToken","decl":{"start":{"line":3,"column":15},"end":{"line":3,"column":33}},"loc":{"start":{"line":3,"column":90},"end":{"line":11,"column":1}},"line":3},"1":{"name":"revokeByHash","decl":{"start":{"line":13,"column":15},"end":{"line":13,"column":27}},"loc":{"start":{"line":13,"column":39},"end":{"line":22,"column":1}},"line":13},"2":{"name":"findActiveByHash","decl":{"start":{"line":24,"column":15},"end":{"line":24,"column":31}},"loc":{"start":{"line":24,"column":43},"end":{"line":32,"column":1}},"line":24}},"branchMap":{"0":{"loc":{"start":{"line":21,"column":9},"end":{"line":21,"column":24}},"type":"binary-expr","locations":[{"start":{"line":21,"column":9},"end":{"line":21,"column":16}},{"start":{"line":21,"column":20},"end":{"line":21,"column":24}}],"line":21},"1":{"loc":{"start":{"line":31,"column":9},"end":{"line":31,"column":24}},"type":"binary-expr","locations":[{"start":{"line":31,"column":9},"end":{"line":31,"column":16}},{"start":{"line":31,"column":20},"end":{"line":31,"column":24}}],"line":31}},"s":{"0":1,"1":1,"2":1,"3":1,"4":1,"5":1,"6":1,"7":1},"f":{"0":1,"1":1,"2":1},"b":{"0":[1,1],"1":[1,1]},"_coverageSchema":"1a1c01bbd47fc00a2c39e90264f33305004495a9","hash":"313a555ebc8292a08f740ca44c091bc0f31c3a69","contentHash":"4cbebb6ee899c0ae179ee6f24a2a41832093fd5d5e9a71dc8f93dce1d4721e41"},"D:\\mern\\10pearls\\cohort-9-mern-11642-aamir\\backend\\src\\utils\\password.js":{"path":"D:\\mern\\10pearls\\cohort-9-mern-11642-aamir\\backend\\src\\utils\\password.js","statementMap":{"0":{"start":{"line":1,"column":15},"end":{"line":1,"column":32}},"1":{"start":{"line":3,"column":20},"end":{"line":3,"column":70}},"2":{"start":{"line":6,"column":2},"end":{"line":6,"column":49}},"3":{"start":{"line":10,"column":2},"end":{"line":10,"column":45}},"4":{"start":{"line":13,"column":0},"end":{"line":13,"column":51}}},"fnMap":{"0":{"name":"hashPassword","decl":{"start":{"line":5,"column":15},"end":{"line":5,"column":27}},"loc":{"start":{"line":5,"column":43},"end":{"line":7,"column":1}},"line":5},"1":{"name":"comparePassword","decl":{"start":{"line":9,"column":15},"end":{"line":9,"column":30}},"loc":{"start":{"line":9,"column":52},"end":{"line":11,"column":1}},"line":9}},"branchMap":{"0":{"loc":{"start":{"line":3,"column":20},"end":{"line":3,"column":70}},"type":"binary-expr","locations":[{"start":{"line":3,"column":20},"end":{"line":3,"column":64}},{"start":{"line":3,"column":68},"end":{"line":3,"column":70}}],"line":3}},"s":{"0":1,"1":1,"2":3,"3":2,"4":1},"f":{"0":3,"1":2},"b":{"0":[1,0]},"_coverageSchema":"1a1c01bbd47fc00a2c39e90264f33305004495a9","hash":"921accfe84157d0a77901d7765dbe034159b0d0a","contentHash":"ba6c23ec0477f9e328d8f03c53786cc27025c02faf886a69dffa4ba5a626acf7"},"D:\\mern\\10pearls\\cohort-9-mern-11642-aamir\\backend\\src\\utils\\jwt.js":{"path":"D:\\mern\\10pearls\\cohort-9-mern-11642-aamir\\backend\\src\\utils\\jwt.js","statementMap":{"0":{"start":{"line":1,"column":12},"end":{"line":1,"column":35}},"1":{"start":{"line":3,"column":22},"end":{"line":3,"column":51}},"2":{"start":{"line":4,"column":26},"end":{"line":4,"column":68}},"3":{"start":{"line":7,"column":2},"end":{"line":7,"column":76}},"4":{"start":{"line":11,"column":2},"end":{"line":11,"column":42}},"5":{"start":{"line":14,"column":0},"end":{"line":14,"column":56}}},"fnMap":{"0":{"name":"signAccessToken","decl":{"start":{"line":6,"column":9},"end":{"line":6,"column":24}},"loc":{"start":{"line":6,"column":34},"end":{"line":8,"column":1}},"line":6},"1":{"name":"verifyAccessToken","decl":{"start":{"line":10,"column":9},"end":{"line":10,"column":26}},"loc":{"start":{"line":10,"column":34},"end":{"line":12,"column":1}},"line":10}},"branchMap":{"0":{"loc":{"start":{"line":4,"column":26},"end":{"line":4,"column":68}},"type":"binary-expr","locations":[{"start":{"line":4,"column":26},"end":{"line":4,"column":59}},{"start":{"line":4,"column":63},"end":{"line":4,"column":68}}],"line":4}},"s":{"0":1,"1":1,"2":1,"3":2,"4":3,"5":1},"f":{"0":2,"1":3},"b":{"0":[1,0]},"_coverageSchema":"1a1c01bbd47fc00a2c39e90264f33305004495a9","hash":"0f7259b931569414f65eb21e6474f9436f08b92b","contentHash":"42a2a73e25e02d34b41e4de3a09eb467c10b4decb9abb8532ea64fcfd1345699"},"D:\\mern\\10pearls\\cohort-9-mern-11642-aamir\\backend\\src\\utils\\token.js":{"path":"D:\\mern\\10pearls\\cohort-9-mern-11642-aamir\\backend\\src\\utils\\token.js","statementMap":{"0":{"start":{"line":1,"column":15},"end":{"line":1,"column":32}},"1":{"start":{"line":4,"column":2},"end":{"line":4,"column":48}},"2":{"start":{"line":8,"column":2},"end":{"line":8,"column":65}},"3":{"start":{"line":11,"column":0},"end":{"line":11,"column":53}}},"fnMap":{"0":{"name":"generateRefreshToken","decl":{"start":{"line":3,"column":9},"end":{"line":3,"column":29}},"loc":{"start":{"line":3,"column":32},"end":{"line":5,"column":1}},"line":3},"1":{"name":"hashToken","decl":{"start":{"line":7,"column":9},"end":{"line":7,"column":18}},"loc":{"start":{"line":7,"column":26},"end":{"line":9,"column":1}},"line":7}},"branchMap":{},"s":{"0":1,"1":3,"2":7,"3":1},"f":{"0":3,"1":7},"b":{},"_coverageSchema":"1a1c01bbd47fc00a2c39e90264f33305004495a9","hash":"bb5de5ea05664a4d9b5c8ed95796ca7c19b6423c","contentHash":"aa217271a9323fbe6791b6ec4a699962a631a37cb6ad58359a8bf538f0004221"},"D:\\mern\\10pearls\\cohort-9-mern-11642-aamir\\backend\\src\\utils\\ApiError.js":{"path":"D:\\mern\\10pearls\\cohort-9-mern-11642-aamir\\backend\\src\\utils\\ApiError.js","statementMap":{"0":{"start":{"line":3,"column":4},"end":{"line":3,"column":19}},"1":{"start":{"line":4,"column":4},"end":{"line":4,"column":33}},"2":{"start":{"line":5,"column":4},"end":{"line":5,"column":27}},"3":{"start":{"line":6,"column":4},"end":{"line":6,"column":30}},"4":{"start":{"line":7,"column":4},"end":{"line":7,"column":52}},"5":{"start":{"line":11,"column":0},"end":{"line":11,"column":26}}},"fnMap":{"0":{"name":"(anonymous_0)","decl":{"start":{"line":2,"column":2},"end":{"line":2,"column":3}},"loc":{"start":{"line":2,"column":51},"end":{"line":8,"column":3}},"line":2}},"branchMap":{"0":{"loc":{"start":{"line":2,"column":35},"end":{"line":2,"column":49}},"type":"default-arg","locations":[{"start":{"line":2,"column":45},"end":{"line":2,"column":49}}],"line":2}},"s":{"0":16,"1":16,"2":16,"3":16,"4":16,"5":1},"f":{"0":16},"b":{"0":[14]},"_coverageSchema":"1a1c01bbd47fc00a2c39e90264f33305004495a9","hash":"bd6699f309d8e4c55e5d710dc9cd461eb2f6fe36","contentHash":"e733cb7c948bbaf03de57dad91291cb2c4c1e3e1690ee11b3f749922d470195a"},"D:\\mern\\10pearls\\cohort-9-mern-11642-aamir\\backend\\src\\utils\\logger.js":{"path":"D:\\mern\\10pearls\\cohort-9-mern-11642-aamir\\backend\\src\\utils\\logger.js","statementMap":{"0":{"start":{"line":1,"column":13},"end":{"line":1,"column":28}},"1":{"start":{"line":4,"column":15},"end":{"line":9,"column":2}},"2":{"start":{"line":11,"column":0},"end":{"line":11,"column":24}}},"fnMap":{},"branchMap":{"0":{"loc":{"start":{"line":5,"column":9},"end":{"line":5,"column":40}},"type":"binary-expr","locations":[{"start":{"line":5,"column":9},"end":{"line":5,"column":30}},{"start":{"line":5,"column":34},"end":{"line":5,"column":40}}],"line":5},"1":{"loc":{"start":{"line":6,"column":13},"end":{"line":8,"column":15}},"type":"cond-expr","locations":[{"start":{"line":7,"column":6},"end":{"line":7,"column":60}},{"start":{"line":8,"column":6},"end":{"line":8,"column":15}}],"line":6}},"s":{"0":1,"1":1,"2":1},"f":{},"b":{"0":[1,0],"1":[1,0]},"_coverageSchema":"1a1c01bbd47fc00a2c39e90264f33305004495a9","hash":"f6e4455fb67788aa5314419ee43f83b541c1f64b","contentHash":"2aa004cd549cd6a6f9b2adede1f38cedb4a8ff69a870c403cab206c4c6d036d2"},"D:\\mern\\10pearls\\cohort-9-mern-11642-aamir\\backend\\src\\utils\\apiResponse.js":{"path":"D:\\mern\\10pearls\\cohort-9-mern-11642-aamir\\backend\\src\\utils\\apiResponse.js","statementMap":{"0":{"start":{"line":2,"column":2},"end":{"line":2,"column":71}},"1":{"start":{"line":5,"column":0},"end":{"line":5,"column":37}}},"fnMap":{"0":{"name":"successResponse","decl":{"start":{"line":1,"column":9},"end":{"line":1,"column":24}},"loc":{"start":{"line":1,"column":64},"end":{"line":3,"column":1}},"line":1}},"branchMap":{"0":{"loc":{"start":{"line":1,"column":51},"end":{"line":1,"column":62}},"type":"default-arg","locations":[{"start":{"line":1,"column":58},"end":{"line":1,"column":62}}],"line":1}},"s":{"0":5,"1":1},"f":{"0":5},"b":{"0":[1]},"_coverageSchema":"1a1c01bbd47fc00a2c39e90264f33305004495a9","hash":"4357f932bf8122936e6659a58c5ae3986917d0d5","contentHash":"080c9b40956514c59bf60051f380ef25487a0633c2a086102a1ee7146b701aab"},"D:\\mern\\10pearls\\cohort-9-mern-11642-aamir\\backend\\src\\validators\\auth.validator.js":{"path":"D:\\mern\\10pearls\\cohort-9-mern-11642-aamir\\backend\\src\\validators\\auth.validator.js","statementMap":{"0":{"start":{"line":1,"column":17},"end":{"line":1,"column":45}},"1":{"start":{"line":3,"column":26},"end":{"line":16,"column":1}},"2":{"start":{"line":18,"column":23},"end":{"line":22,"column":1}},"3":{"start":{"line":24,"column":0},"end":{"line":24,"column":55}}},"fnMap":{},"branchMap":{},"s":{"0":1,"1":1,"2":1,"3":1},"f":{},"b":{},"_coverageSchema":"1a1c01bbd47fc00a2c39e90264f33305004495a9","hash":"72eea8cca7637d75e192bd0e9e6b58e81f101389","contentHash":"be6a7581533df56a4a33bd738d12ce0b94532f49b926052c450e149c35ec1aa9"},"D:\\mern\\10pearls\\cohort-9-mern-11642-aamir\\backend\\src\\middlewares\\validate.js":{"path":"D:\\mern\\10pearls\\cohort-9-mern-11642-aamir\\backend\\src\\middlewares\\validate.js","statementMap":{"0":{"start":{"line":1,"column":29},"end":{"line":1,"column":57}},"1":{"start":{"line":2,"column":17},"end":{"line":2,"column":45}},"2":{"start":{"line":5,"column":17},"end":{"line":5,"column":38}},"3":{"start":{"line":6,"column":2},"end":{"line":8,"column":3}},"4":{"start":{"line":7,"column":4},"end":{"line":7,"column":72}},"5":{"start":{"line":9,"column":2},"end":{"line":9,"column":9}},"6":{"start":{"line":12,"column":0},"end":{"line":12,"column":26}}},"fnMap":{"0":{"name":"validate","decl":{"start":{"line":4,"column":9},"end":{"line":4,"column":17}},"loc":{"start":{"line":4,"column":34},"end":{"line":10,"column":1}},"line":4}},"branchMap":{"0":{"loc":{"start":{"line":6,"column":2},"end":{"line":8,"column":3}},"type":"if","locations":[{"start":{"line":6,"column":2},"end":{"line":8,"column":3}},{"start":{},"end":{}}],"line":6}},"s":{"0":1,"1":1,"2":5,"3":5,"4":1,"5":4,"6":1},"f":{"0":5},"b":{"0":[1,4]},"_coverageSchema":"1a1c01bbd47fc00a2c39e90264f33305004495a9","hash":"fa6b6c6ed658853edcba4c44a08c246dff9502b1","contentHash":"8ed16ce93dbf83266ed668759db3495c02cadf0470d11d33ec3122038cd3b002"},"D:\\mern\\10pearls\\cohort-9-mern-11642-aamir\\backend\\src\\middlewares\\auth.middleware.js":{"path":"D:\\mern\\10pearls\\cohort-9-mern-11642-aamir\\backend\\src\\middlewares\\auth.middleware.js","statementMap":{"0":{"start":{"line":1,"column":17},"end":{"line":1,"column":40}},"1":{"start":{"line":2,"column":17},"end":{"line":2,"column":45}},"2":{"start":{"line":5,"column":21},"end":{"line":5,"column":46}},"3":{"start":{"line":7,"column":2},"end":{"line":9,"column":3}},"4":{"start":{"line":8,"column":4},"end":{"line":8,"column":62}},"5":{"start":{"line":11,"column":16},"end":{"line":11,"column":40}},"6":{"start":{"line":13,"column":2},"end":{"line":22,"column":3}},"7":{"start":{"line":14,"column":20},"end":{"line":14,"column":53}},"8":{"start":{"line":15,"column":4},"end":{"line":15,"column":35}},"9":{"start":{"line":16,"column":4},"end":{"line":16,"column":11}},"10":{"start":{"line":18,"column":4},"end":{"line":20,"column":5}},"11":{"start":{"line":19,"column":6},"end":{"line":19,"column":61}},"12":{"start":{"line":21,"column":4},"end":{"line":21,"column":59}},"13":{"start":{"line":25,"column":0},"end":{"line":25,"column":30}}},"fnMap":{"0":{"name":"authenticate","decl":{"start":{"line":4,"column":9},"end":{"line":4,"column":21}},"loc":{"start":{"line":4,"column":38},"end":{"line":23,"column":1}},"line":4}},"branchMap":{"0":{"loc":{"start":{"line":7,"column":2},"end":{"line":9,"column":3}},"type":"if","locations":[{"start":{"line":7,"column":2},"end":{"line":9,"column":3}},{"start":{},"end":{}}],"line":7},"1":{"loc":{"start":{"line":7,"column":6},"end":{"line":7,"column":54}},"type":"binary-expr","locations":[{"start":{"line":7,"column":6},"end":{"line":7,"column":17}},{"start":{"line":7,"column":21},"end":{"line":7,"column":54}}],"line":7},"2":{"loc":{"start":{"line":18,"column":4},"end":{"line":20,"column":5}},"type":"if","locations":[{"start":{"line":18,"column":4},"end":{"line":20,"column":5}},{"start":{},"end":{}}],"line":18}},"s":{"0":1,"1":1,"2":5,"3":5,"4":2,"5":3,"6":3,"7":3,"8":2,"9":2,"10":1,"11":1,"12":0,"13":1},"f":{"0":5},"b":{"0":[2,3],"1":[5,3],"2":[1,0]},"_coverageSchema":"1a1c01bbd47fc00a2c39e90264f33305004495a9","hash":"d9879a29cef85cbc10d7120c3db89a80d2e06eac","contentHash":"c3ddc1c4d6a5944b037c2d3663e22034ef43b292de92c183eeb4055c40cc807e"},"D:\\mern\\10pearls\\cohort-9-mern-11642-aamir\\backend\\src\\middlewares\\errorHandler.js":{"path":"D:\\mern\\10pearls\\cohort-9-mern-11642-aamir\\backend\\src\\middlewares\\errorHandler.js","statementMap":{"0":{"start":{"line":1,"column":15},"end":{"line":1,"column":41}},"1":{"start":{"line":2,"column":17},"end":{"line":2,"column":45}},"2":{"start":{"line":4,"column":28},"end":{"line":4,"column":35}},"3":{"start":{"line":7,"column":2},"end":{"line":9,"column":3}},"4":{"start":{"line":8,"column":4},"end":{"line":8,"column":15}},"5":{"start":{"line":14,"column":2},"end":{"line":16,"column":3}},"6":{"start":{"line":15,"column":4},"end":{"line":15,"column":74}},"7":{"start":{"line":17,"column":2},"end":{"line":17,"column":13}},"8":{"start":{"line":21,"column":21},"end":{"line":21,"column":40}},"9":{"start":{"line":22,"column":21},"end":{"line":22,"column":49}},"10":{"start":{"line":23,"column":18},"end":{"line":23,"column":89}},"11":{"start":{"line":24,"column":18},"end":{"line":24,"column":75}},"12":{"start":{"line":26,"column":20},"end":{"line":26,"column":56}},"13":{"start":{"line":27,"column":2},"end":{"line":27,"column":50}},"14":{"start":{"line":29,"column":2},"end":{"line":33,"column":5}},"15":{"start":{"line":36,"column":0},"end":{"line":36,"column":30}}},"fnMap":{"0":{"name":"normalizeError","decl":{"start":{"line":6,"column":9},"end":{"line":6,"column":23}},"loc":{"start":{"line":6,"column":29},"end":{"line":18,"column":1}},"line":6},"1":{"name":"errorHandler","decl":{"start":{"line":20,"column":9},"end":{"line":20,"column":21}},"loc":{"start":{"line":20,"column":43},"end":{"line":34,"column":1}},"line":20}},"branchMap":{"0":{"loc":{"start":{"line":7,"column":2},"end":{"line":9,"column":3}},"type":"if","locations":[{"start":{"line":7,"column":2},"end":{"line":9,"column":3}},{"start":{},"end":{}}],"line":7},"1":{"loc":{"start":{"line":14,"column":2},"end":{"line":16,"column":3}},"type":"if","locations":[{"start":{"line":14,"column":2},"end":{"line":16,"column":3}},{"start":{},"end":{}}],"line":14},"2":{"loc":{"start":{"line":22,"column":21},"end":{"line":22,"column":49}},"type":"binary-expr","locations":[{"start":{"line":22,"column":21},"end":{"line":22,"column":42}},{"start":{"line":22,"column":46},"end":{"line":22,"column":49}}],"line":22},"3":{"loc":{"start":{"line":23,"column":18},"end":{"line":23,"column":89}},"type":"cond-expr","locations":[{"start":{"line":23,"column":45},"end":{"line":23,"column":63}},{"start":{"line":23,"column":66},"end":{"line":23,"column":89}}],"line":23},"4":{"loc":{"start":{"line":24,"column":18},"end":{"line":24,"column":75}},"type":"cond-expr","locations":[{"start":{"line":24,"column":45},"end":{"line":24,"column":63}},{"start":{"line":24,"column":66},"end":{"line":24,"column":75}}],"line":24},"5":{"loc":{"start":{"line":26,"column":20},"end":{"line":26,"column":56}},"type":"cond-expr","locations":[{"start":{"line":26,"column":40},"end":{"line":26,"column":47}},{"start":{"line":26,"column":50},"end":{"line":26,"column":56}}],"line":26},"6":{"loc":{"start":{"line":32,"column":8},"end":{"line":32,"column":30}},"type":"binary-expr","locations":[{"start":{"line":32,"column":8},"end":{"line":32,"column":15}},{"start":{"line":32,"column":19},"end":{"line":32,"column":30}}],"line":32}},"s":{"0":1,"1":1,"2":1,"3":10,"4":7,"5":3,"6":1,"7":2,"8":10,"9":10,"10":10,"11":10,"12":10,"13":10,"14":10,"15":1},"f":{"0":10,"1":10},"b":{"0":[7,3],"1":[1,2],"2":[10,2],"3":[8,2],"4":[8,2],"5":[2,8],"6":[10,2]},"_coverageSchema":"1a1c01bbd47fc00a2c39e90264f33305004495a9","hash":"5f584ebcdbd4e53340b2837af7e5ffd08c6c8ec8","contentHash":"69b2c49648c0461a5fe4b1b541c539d8b0873af211f47a141ca69a0acb03524e"}}